<?xml version="1.0" encoding="UTF-8"?>
<!-- Generated by org.testng.reporters.JUnitReportReporter -->
<testsuite skipped="0" hostname="LAPTOP-5E93OMAE" name="com.amazon.qa.tests.LoginPageTest" tests="1" failures="0" timestamp="21 Feb 2020 04:08:08 GMT" time="38.988" errors="0">
  <testcase name="testLogin" time="38.988" classname="com.amazon.qa.tests.LoginPageTest"/>
</testsuite> <!-- com.amazon.qa.tests.LoginPageTest -->
